# JRE version: OpenJDK Runtime Environment (21.0.6) (build 21.0.6+-13391695-b895.109)
# Java VM: OpenJDK 64-Bit Server VM (21.0.6+-13391695-b895.109, mixed mode, tiered, compressed oops, compressed class ptrs, g1 gc, windows-amd64)
GC Precious Log:
 CardTable entry size: 512
 Card Set container configuration: InlinePtr #cards 4 size 8 Array Of Cards #cards 16 size 48 Howl #buckets 8 coarsen threshold 3686 Howl Bitmap #cards 512 size 80 coarsen threshold 460 Card regions per heap region 1 cards per card region 4096
 CPUs: 12 total, 12 available
 Memory: 15677M
 Large Page Support: Disabled
 NUMA Support: Disabled
 Compressed Oops: Enabled (Zero based)
 Heap Region Size: 2M
 Heap Min Capacity: 8M
 Heap Initial Capacity: 246M
 Heap Max Capacity: 3920M
 Pre-touch: Disabled
 Parallel Workers: 10
 Concurrent Workers: 3
 Concurrent Refinement Workers: 10
 Periodic GC: Disabled
Heap:
 garbage-first heap   total 49152K, used 23920K [0x000000070b000000, 0x0000000800000000)
  region size 2048K, 8 young (16384K), 1 survivors (2048K)
 Metaspace       used 40309K, committed 40768K, reserved 1114112K
  class space    used 4009K, committed 4224K, reserved 1048576K
GC Heap History (20 events):
Event: 64.106 GC heap before
{Heap before GC invocations=18 (full 1):
 garbage-first heap   total 61440K, used 26195K [0x000000070b000000, 0x0000000800000000)
  region size 2048K, 9 young (18432K), 1 survivors (2048K)
 Metaspace       used 40082K, committed 40512K, reserved 1114112K
  class space    used 3976K, committed 4160K, reserved 1048576K
}
Event: 64.140 GC heap after
{Heap after GC invocations=19 (full 2):
 garbage-first heap   total 49152K, used 11332K [0x000000070b000000, 0x0000000800000000)
  region size 2048K, 0 young (0K), 0 survivors (0K)
 Metaspace       used 40082K, committed 40512K, reserved 1114112K
  class space    used 3976K, committed 4160K, reserved 1048576K
}
Event: 81.497 GC heap before
{Heap before GC invocations=19 (full 2):
 garbage-first heap   total 49152K, used 40004K [0x000000070b000000, 0x0000000800000000)
  region size 2048K, 14 young (28672K), 0 survivors (0K)
 Metaspace       used 40084K, committed 40512K, reserved 1114112K
  class space    used 3977K, committed 4160K, reserved 1048576K
}
Event: 81.499 GC heap after
{Heap after GC invocations=20 (full 2):
 garbage-first heap   total 49152K, used 11599K [0x000000070b000000, 0x0000000800000000)
  region size 2048K, 1 young (2048K), 1 survivors (2048K)
 Metaspace       used 40084K, committed 40512K, reserved 1114112K
  class space    used 3977K, committed 4160K, reserved 1048576K
}
Event: 94.154 GC heap before
{Heap before GC invocations=20 (full 2):
 garbage-first heap   total 49152K, used 32079K [0x000000070b000000, 0x0000000800000000)
  region size 2048K, 12 young (24576K), 1 survivors (2048K)
 Metaspace       used 40084K, committed 40512K, reserved 1114112K
  class space    used 3977K, committed 4160K, reserved 1048576K
}
Event: 94.187 GC heap after
{Heap after GC invocations=21 (full 3):
 garbage-first heap   total 49152K, used 11369K [0x000000070b000000, 0x0000000800000000)
  region size 2048K, 0 young (0K), 0 survivors (0K)
 Metaspace       used 40084K, committed 40512K, reserved 1114112K
  class space    used 3977K, committed 4160K, reserved 1048576K
}
Event: 111.312 GC heap before
{Heap before GC invocations=21 (full 3):
 garbage-first heap   total 49152K, used 40041K [0x000000070b000000, 0x0000000800000000)
  region size 2048K, 14 young (28672K), 0 survivors (0K)
 Metaspace       used 40085K, committed 40512K, reserved 1114112K
  class space    used 3977K, committed 4160K, reserved 1048576K
}
Event: 111.314 GC heap after
{Heap after GC invocations=22 (full 3):
 garbage-first heap   total 49152K, used 11622K [0x000000070b000000, 0x0000000800000000)
  region size 2048K, 1 young (2048K), 1 survivors (2048K)
 Metaspace       used 40085K, committed 40512K, reserved 1114112K
  class space    used 3977K, committed 4160K, reserved 1048576K
}
Event: 124.189 GC heap before
{Heap before GC invocations=22 (full 3):
 garbage-first heap   total 49152K, used 32102K [0x000000070b000000, 0x0000000800000000)
  region size 2048K, 12 young (24576K), 1 survivors (2048K)
 Metaspace       used 40089K, committed 40512K, reserved 1114112K
  class space    used 3977K, committed 4160K, reserved 1048576K
}
Event: 124.219 GC heap after
{Heap after GC invocations=23 (full 4):
 garbage-first heap   total 49152K, used 11379K [0x000000070b000000, 0x0000000800000000)
  region size 2048K, 0 young (0K), 0 survivors (0K)
 Metaspace       used 40089K, committed 40512K, reserved 1114112K
  class space    used 3977K, committed 4160K, reserved 1048576K
}
Event: 141.243 GC heap before
{Heap before GC invocations=23 (full 4):
 garbage-first heap   total 49152K, used 40051K [0x000000070b000000, 0x0000000800000000)
  region size 2048K, 14 young (28672K), 0 survivors (0K)
 Metaspace       used 40092K, committed 40512K, reserved 1114112K
  class space    used 3977K, committed 4160K, reserved 1048576K
}
Event: 141.244 GC heap after
{Heap after GC invocations=24 (full 4):
 garbage-first heap   total 49152K, used 11637K [0x000000070b000000, 0x0000000800000000)
  region size 2048K, 1 young (2048K), 1 survivors (2048K)
 Metaspace       used 40092K, committed 40512K, reserved 1114112K
  class space    used 3977K, committed 4160K, reserved 1048576K
}
Event: 154.220 GC heap before
{Heap before GC invocations=24 (full 4):
 garbage-first heap   total 49152K, used 32117K [0x000000070b000000, 0x0000000800000000)
  region size 2048K, 12 young (24576K), 1 survivors (2048K)
 Metaspace       used 40093K, committed 40512K, reserved 1114112K
  class space    used 3977K, committed 4160K, reserved 1048576K
}
Event: 154.249 GC heap after
{Heap after GC invocations=25 (full 5):
 garbage-first heap   total 49152K, used 11382K [0x000000070b000000, 0x0000000800000000)
  region size 2048K, 0 young (0K), 0 survivors (0K)
 Metaspace       used 40093K, committed 40512K, reserved 1114112K
  class space    used 3977K, committed 4160K, reserved 1048576K
}
Event: 171.797 GC heap before
{Heap before GC invocations=25 (full 5):
 garbage-first heap   total 49152K, used 40054K [0x000000070b000000, 0x0000000800000000)
  region size 2048K, 14 young (28672K), 0 survivors (0K)
 Metaspace       used 40093K, committed 40512K, reserved 1114112K
  class space    used 3977K, committed 4160K, reserved 1048576K
}
Event: 171.799 GC heap after
{Heap after GC invocations=26 (full 5):
 garbage-first heap   total 49152K, used 11643K [0x000000070b000000, 0x0000000800000000)
  region size 2048K, 1 young (2048K), 1 survivors (2048K)
 Metaspace       used 40093K, committed 40512K, reserved 1114112K
  class space    used 3977K, committed 4160K, reserved 1048576K
}
Event: 184.257 GC heap before
{Heap before GC invocations=26 (full 5):
 garbage-first heap   total 49152K, used 32123K [0x000000070b000000, 0x0000000800000000)
  region size 2048K, 12 young (24576K), 1 survivors (2048K)
 Metaspace       used 40093K, committed 40512K, reserved 1114112K
  class space    used 3977K, committed 4160K, reserved 1048576K
}
Event: 184.291 GC heap after
{Heap after GC invocations=27 (full 6):
 garbage-first heap   total 49152K, used 11377K [0x000000070b000000, 0x0000000800000000)
  region size 2048K, 0 young (0K), 0 survivors (0K)
 Metaspace       used 40093K, committed 40512K, reserved 1114112K
  class space    used 3977K, committed 4160K, reserved 1048576K
}
Event: 201.457 GC heap before
{Heap before GC invocations=27 (full 6):
 garbage-first heap   total 49152K, used 40049K [0x000000070b000000, 0x0000000800000000)
  region size 2048K, 14 young (28672K), 0 survivors (0K)
 Metaspace       used 40093K, committed 40512K, reserved 1114112K
  class space    used 3977K, committed 4160K, reserved 1048576K
}
Event: 201.459 GC heap after
{Heap after GC invocations=28 (full 6):
 garbage-first heap   total 49152K, used 11632K [0x000000070b000000, 0x0000000800000000)
  region size 2048K, 1 young (2048K), 1 survivors (2048K)
 Metaspace       used 40093K, committed 40512K, reserved 1114112K
  class space    used 3977K, committed 4160K, reserved 1048576K
}

